D:\PortFolio\clonecoding\frontend\src\app.js:1
import React from 'react';
^^^^^^

SyntaxError: Cannot use import statement outside a module
    at Object.compileFunction (node:vm:352:18)
    at wrapSafe (node:internal/modules/cjs/loader:1031:15)
    at Module._compile (node:internal/modules/cjs/loader:1065:27)
    at Object.Module._extensions..js (node:internal/modules/cjs/loader:1153:10)
    at Module.load (node:internal/modules/cjs/loader:981:32)
    at Function.Module._load (node:internal/modules/cjs/loader:822:12)
    at C:\Users\pen40\AppData\Roaming\npm\node_modules\pm2\lib\ProcessContainer.js:303:25
    at wrapper (C:\Users\pen40\AppData\Roaming\npm\node_modules\pm2\node_modules\async\internal\once.js:12:16)
    at next (C:\Users\pen40\AppData\Roaming\npm\node_modules\pm2\node_modules\async\waterfall.js:96:20)
    at C:\Users\pen40\AppData\Roaming\npm\node_modules\pm2\node_modules\async\internal\onlyOnce.js:12:16
D:\PortFolio\clonecoding\frontend\src\app.js:1
import React from 'react';
^^^^^^

SyntaxError: Cannot use import statement outside a module
    at Object.compileFunction (node:vm:352:18)
    at wrapSafe (node:internal/modules/cjs/loader:1031:15)
    at Module._compile (node:internal/modules/cjs/loader:1065:27)
    at Object.Module._extensions..js (node:internal/modules/cjs/loader:1153:10)
    at Module.load (node:internal/modules/cjs/loader:981:32)
    at Function.Module._load (node:internal/modules/cjs/loader:822:12)
    at C:\Users\pen40\AppData\Roaming\npm\node_modules\pm2\lib\ProcessContainer.js:303:25
    at wrapper (C:\Users\pen40\AppData\Roaming\npm\node_modules\pm2\node_modules\async\internal\once.js:12:16)
    at next (C:\Users\pen40\AppData\Roaming\npm\node_modules\pm2\node_modules\async\waterfall.js:96:20)
    at C:\Users\pen40\AppData\Roaming\npm\node_modules\pm2\node_modules\async\internal\onlyOnce.js:12:16
D:\PortFolio\clonecoding\frontend\src\app.js:1
import React from 'react';
^^^^^^

SyntaxError: Cannot use import statement outside a module
    at Object.compileFunction (node:vm:352:18)
    at wrapSafe (node:internal/modules/cjs/loader:1031:15)
    at Module._compile (node:internal/modules/cjs/loader:1065:27)
    at Object.Module._extensions..js (node:internal/modules/cjs/loader:1153:10)
    at Module.load (node:internal/modules/cjs/loader:981:32)
    at Function.Module._load (node:internal/modules/cjs/loader:822:12)
    at C:\Users\pen40\AppData\Roaming\npm\node_modules\pm2\lib\ProcessContainer.js:303:25
    at wrapper (C:\Users\pen40\AppData\Roaming\npm\node_modules\pm2\node_modules\async\internal\once.js:12:16)
    at next (C:\Users\pen40\AppData\Roaming\npm\node_modules\pm2\node_modules\async\waterfall.js:96:20)
    at C:\Users\pen40\AppData\Roaming\npm\node_modules\pm2\node_modules\async\internal\onlyOnce.js:12:16
D:\PortFolio\clonecoding\frontend\src\app.js:1
import React from 'react';
^^^^^^

SyntaxError: Cannot use import statement outside a module
    at Object.compileFunction (node:vm:352:18)
    at wrapSafe (node:internal/modules/cjs/loader:1031:15)
    at Module._compile (node:internal/modules/cjs/loader:1065:27)
    at Object.Module._extensions..js (node:internal/modules/cjs/loader:1153:10)
    at Module.load (node:internal/modules/cjs/loader:981:32)
    at Function.Module._load (node:internal/modules/cjs/loader:822:12)
    at C:\Users\pen40\AppData\Roaming\npm\node_modules\pm2\lib\ProcessContainer.js:303:25
    at wrapper (C:\Users\pen40\AppData\Roaming\npm\node_modules\pm2\node_modules\async\internal\once.js:12:16)
    at next (C:\Users\pen40\AppData\Roaming\npm\node_modules\pm2\node_modules\async\waterfall.js:96:20)
    at C:\Users\pen40\AppData\Roaming\npm\node_modules\pm2\node_modules\async\internal\onlyOnce.js:12:16
D:\PortFolio\clonecoding\frontend\src\app.js:1
import React from 'react';
^^^^^^

SyntaxError: Cannot use import statement outside a module
    at Object.compileFunction (node:vm:352:18)
    at wrapSafe (node:internal/modules/cjs/loader:1031:15)
    at Module._compile (node:internal/modules/cjs/loader:1065:27)
    at Object.Module._extensions..js (node:internal/modules/cjs/loader:1153:10)
    at Module.load (node:internal/modules/cjs/loader:981:32)
    at Function.Module._load (node:internal/modules/cjs/loader:822:12)
    at C:\Users\pen40\AppData\Roaming\npm\node_modules\pm2\lib\ProcessContainer.js:303:25
    at wrapper (C:\Users\pen40\AppData\Roaming\npm\node_modules\pm2\node_modules\async\internal\once.js:12:16)
    at next (C:\Users\pen40\AppData\Roaming\npm\node_modules\pm2\node_modules\async\waterfall.js:96:20)
    at C:\Users\pen40\AppData\Roaming\npm\node_modules\pm2\node_modules\async\internal\onlyOnce.js:12:16
D:\PortFolio\clonecoding\frontend\src\app.js:1
import React from 'react';
^^^^^^

SyntaxError: Cannot use import statement outside a module
    at Object.compileFunction (node:vm:352:18)
    at wrapSafe (node:internal/modules/cjs/loader:1031:15)
    at Module._compile (node:internal/modules/cjs/loader:1065:27)
    at Object.Module._extensions..js (node:internal/modules/cjs/loader:1153:10)
    at Module.load (node:internal/modules/cjs/loader:981:32)
    at Function.Module._load (node:internal/modules/cjs/loader:822:12)
    at C:\Users\pen40\AppData\Roaming\npm\node_modules\pm2\lib\ProcessContainer.js:303:25
    at wrapper (C:\Users\pen40\AppData\Roaming\npm\node_modules\pm2\node_modules\async\internal\once.js:12:16)
    at next (C:\Users\pen40\AppData\Roaming\npm\node_modules\pm2\node_modules\async\waterfall.js:96:20)
    at C:\Users\pen40\AppData\Roaming\npm\node_modules\pm2\node_modules\async\internal\onlyOnce.js:12:16
D:\PortFolio\clonecoding\frontend\src\app.js:1
import React from 'react';
^^^^^^

SyntaxError: Cannot use import statement outside a module
    at Object.compileFunction (node:vm:352:18)
    at wrapSafe (node:internal/modules/cjs/loader:1031:15)
    at Module._compile (node:internal/modules/cjs/loader:1065:27)
    at Object.Module._extensions..js (node:internal/modules/cjs/loader:1153:10)
    at Module.load (node:internal/modules/cjs/loader:981:32)
    at Function.Module._load (node:internal/modules/cjs/loader:822:12)
    at C:\Users\pen40\AppData\Roaming\npm\node_modules\pm2\lib\ProcessContainer.js:303:25
    at wrapper (C:\Users\pen40\AppData\Roaming\npm\node_modules\pm2\node_modules\async\internal\once.js:12:16)
    at next (C:\Users\pen40\AppData\Roaming\npm\node_modules\pm2\node_modules\async\waterfall.js:96:20)
    at C:\Users\pen40\AppData\Roaming\npm\node_modules\pm2\node_modules\async\internal\onlyOnce.js:12:16
D:\PortFolio\clonecoding\frontend\src\app.js:1
import React from 'react';
^^^^^^

SyntaxError: Cannot use import statement outside a module
    at Object.compileFunction (node:vm:352:18)
    at wrapSafe (node:internal/modules/cjs/loader:1031:15)
    at Module._compile (node:internal/modules/cjs/loader:1065:27)
    at Object.Module._extensions..js (node:internal/modules/cjs/loader:1153:10)
    at Module.load (node:internal/modules/cjs/loader:981:32)
    at Function.Module._load (node:internal/modules/cjs/loader:822:12)
    at C:\Users\pen40\AppData\Roaming\npm\node_modules\pm2\lib\ProcessContainer.js:303:25
    at wrapper (C:\Users\pen40\AppData\Roaming\npm\node_modules\pm2\node_modules\async\internal\once.js:12:16)
    at next (C:\Users\pen40\AppData\Roaming\npm\node_modules\pm2\node_modules\async\waterfall.js:96:20)
    at C:\Users\pen40\AppData\Roaming\npm\node_modules\pm2\node_modules\async\internal\onlyOnce.js:12:16
D:\PortFolio\clonecoding\frontend\src\app.js:1
import React from 'react';
^^^^^^

SyntaxError: Cannot use import statement outside a module
    at Object.compileFunction (node:vm:352:18)
    at wrapSafe (node:internal/modules/cjs/loader:1031:15)
    at Module._compile (node:internal/modules/cjs/loader:1065:27)
    at Object.Module._extensions..js (node:internal/modules/cjs/loader:1153:10)
    at Module.load (node:internal/modules/cjs/loader:981:32)
    at Function.Module._load (node:internal/modules/cjs/loader:822:12)
    at C:\Users\pen40\AppData\Roaming\npm\node_modules\pm2\lib\ProcessContainer.js:303:25
    at wrapper (C:\Users\pen40\AppData\Roaming\npm\node_modules\pm2\node_modules\async\internal\once.js:12:16)
    at next (C:\Users\pen40\AppData\Roaming\npm\node_modules\pm2\node_modules\async\waterfall.js:96:20)
    at C:\Users\pen40\AppData\Roaming\npm\node_modules\pm2\node_modules\async\internal\onlyOnce.js:12:16
D:\PortFolio\clonecoding\frontend\src\app.js:1
import React from 'react';
^^^^^^

SyntaxError: Cannot use import statement outside a module
    at Object.compileFunction (node:vm:352:18)
    at wrapSafe (node:internal/modules/cjs/loader:1031:15)
    at Module._compile (node:internal/modules/cjs/loader:1065:27)
    at Object.Module._extensions..js (node:internal/modules/cjs/loader:1153:10)
    at Module.load (node:internal/modules/cjs/loader:981:32)
    at Function.Module._load (node:internal/modules/cjs/loader:822:12)
    at C:\Users\pen40\AppData\Roaming\npm\node_modules\pm2\lib\ProcessContainer.js:303:25
    at wrapper (C:\Users\pen40\AppData\Roaming\npm\node_modules\pm2\node_modules\async\internal\once.js:12:16)
    at next (C:\Users\pen40\AppData\Roaming\npm\node_modules\pm2\node_modules\async\waterfall.js:96:20)
    at C:\Users\pen40\AppData\Roaming\npm\node_modules\pm2\node_modules\async\internal\onlyOnce.js:12:16
D:\PortFolio\clonecoding\frontend\src\app.js:1
import React from 'react';
^^^^^^

SyntaxError: Cannot use import statement outside a module
    at Object.compileFunction (node:vm:352:18)
    at wrapSafe (node:internal/modules/cjs/loader:1031:15)
    at Module._compile (node:internal/modules/cjs/loader:1065:27)
    at Object.Module._extensions..js (node:internal/modules/cjs/loader:1153:10)
    at Module.load (node:internal/modules/cjs/loader:981:32)
    at Function.Module._load (node:internal/modules/cjs/loader:822:12)
    at C:\Users\pen40\AppData\Roaming\npm\node_modules\pm2\lib\ProcessContainer.js:303:25
    at wrapper (C:\Users\pen40\AppData\Roaming\npm\node_modules\pm2\node_modules\async\internal\once.js:12:16)
    at next (C:\Users\pen40\AppData\Roaming\npm\node_modules\pm2\node_modules\async\waterfall.js:96:20)
    at C:\Users\pen40\AppData\Roaming\npm\node_modules\pm2\node_modules\async\internal\onlyOnce.js:12:16
D:\PortFolio\clonecoding\frontend\src\app.js:1
import React from 'react';
^^^^^^

SyntaxError: Cannot use import statement outside a module
    at Object.compileFunction (node:vm:352:18)
    at wrapSafe (node:internal/modules/cjs/loader:1031:15)
    at Module._compile (node:internal/modules/cjs/loader:1065:27)
    at Object.Module._extensions..js (node:internal/modules/cjs/loader:1153:10)
    at Module.load (node:internal/modules/cjs/loader:981:32)
    at Function.Module._load (node:internal/modules/cjs/loader:822:12)
    at C:\Users\pen40\AppData\Roaming\npm\node_modules\pm2\lib\ProcessContainer.js:303:25
    at wrapper (C:\Users\pen40\AppData\Roaming\npm\node_modules\pm2\node_modules\async\internal\once.js:12:16)
    at next (C:\Users\pen40\AppData\Roaming\npm\node_modules\pm2\node_modules\async\waterfall.js:96:20)
    at C:\Users\pen40\AppData\Roaming\npm\node_modules\pm2\node_modules\async\internal\onlyOnce.js:12:16
D:\PortFolio\clonecoding\frontend\src\app.js:1
import React from 'react';
^^^^^^

SyntaxError: Cannot use import statement outside a module
    at Object.compileFunction (node:vm:352:18)
    at wrapSafe (node:internal/modules/cjs/loader:1031:15)
    at Module._compile (node:internal/modules/cjs/loader:1065:27)
    at Object.Module._extensions..js (node:internal/modules/cjs/loader:1153:10)
    at Module.load (node:internal/modules/cjs/loader:981:32)
    at Function.Module._load (node:internal/modules/cjs/loader:822:12)
    at C:\Users\pen40\AppData\Roaming\npm\node_modules\pm2\lib\ProcessContainer.js:303:25
    at wrapper (C:\Users\pen40\AppData\Roaming\npm\node_modules\pm2\node_modules\async\internal\once.js:12:16)
    at next (C:\Users\pen40\AppData\Roaming\npm\node_modules\pm2\node_modules\async\waterfall.js:96:20)
    at C:\Users\pen40\AppData\Roaming\npm\node_modules\pm2\node_modules\async\internal\onlyOnce.js:12:16
D:\PortFolio\clonecoding\frontend\src\app.js:1
import React from 'react';
^^^^^^

SyntaxError: Cannot use import statement outside a module
    at Object.compileFunction (node:vm:352:18)
    at wrapSafe (node:internal/modules/cjs/loader:1031:15)
    at Module._compile (node:internal/modules/cjs/loader:1065:27)
    at Object.Module._extensions..js (node:internal/modules/cjs/loader:1153:10)
    at Module.load (node:internal/modules/cjs/loader:981:32)
    at Function.Module._load (node:internal/modules/cjs/loader:822:12)
    at C:\Users\pen40\AppData\Roaming\npm\node_modules\pm2\lib\ProcessContainer.js:303:25
    at wrapper (C:\Users\pen40\AppData\Roaming\npm\node_modules\pm2\node_modules\async\internal\once.js:12:16)
    at next (C:\Users\pen40\AppData\Roaming\npm\node_modules\pm2\node_modules\async\waterfall.js:96:20)
    at C:\Users\pen40\AppData\Roaming\npm\node_modules\pm2\node_modules\async\internal\onlyOnce.js:12:16
D:\PortFolio\clonecoding\frontend\src\app.js:1
import React from 'react';
^^^^^^

SyntaxError: Cannot use import statement outside a module
    at Object.compileFunction (node:vm:352:18)
    at wrapSafe (node:internal/modules/cjs/loader:1031:15)
    at Module._compile (node:internal/modules/cjs/loader:1065:27)
    at Object.Module._extensions..js (node:internal/modules/cjs/loader:1153:10)
    at Module.load (node:internal/modules/cjs/loader:981:32)
    at Function.Module._load (node:internal/modules/cjs/loader:822:12)
    at C:\Users\pen40\AppData\Roaming\npm\node_modules\pm2\lib\ProcessContainer.js:303:25
    at wrapper (C:\Users\pen40\AppData\Roaming\npm\node_modules\pm2\node_modules\async\internal\once.js:12:16)
    at next (C:\Users\pen40\AppData\Roaming\npm\node_modules\pm2\node_modules\async\waterfall.js:96:20)
    at C:\Users\pen40\AppData\Roaming\npm\node_modules\pm2\node_modules\async\internal\onlyOnce.js:12:16
D:\PortFolio\clonecoding\frontend\src\app.js:1
import Input from './component/atom/Input';
^^^^^^

SyntaxError: Cannot use import statement outside a module
    at Object.compileFunction (node:vm:352:18)
    at wrapSafe (node:internal/modules/cjs/loader:1031:15)
    at Module._compile (node:internal/modules/cjs/loader:1065:27)
    at Object.Module._extensions..js (node:internal/modules/cjs/loader:1153:10)
    at Module.load (node:internal/modules/cjs/loader:981:32)
    at Function.Module._load (node:internal/modules/cjs/loader:822:12)
    at C:\Users\pen40\AppData\Roaming\npm\node_modules\pm2\lib\ProcessContainer.js:303:25
    at wrapper (C:\Users\pen40\AppData\Roaming\npm\node_modules\pm2\node_modules\async\internal\once.js:12:16)
    at next (C:\Users\pen40\AppData\Roaming\npm\node_modules\pm2\node_modules\async\waterfall.js:96:20)
    at C:\Users\pen40\AppData\Roaming\npm\node_modules\pm2\node_modules\async\internal\onlyOnce.js:12:16
D:\PortFolio\clonecoding\frontend\src\app.js:1
import Input from './component/atom/Input';
^^^^^^

SyntaxError: Cannot use import statement outside a module
    at Object.compileFunction (node:vm:352:18)
    at wrapSafe (node:internal/modules/cjs/loader:1031:15)
    at Module._compile (node:internal/modules/cjs/loader:1065:27)
    at Object.Module._extensions..js (node:internal/modules/cjs/loader:1153:10)
    at Module.load (node:internal/modules/cjs/loader:981:32)
    at Function.Module._load (node:internal/modules/cjs/loader:822:12)
    at C:\Users\pen40\AppData\Roaming\npm\node_modules\pm2\lib\ProcessContainer.js:303:25
    at wrapper (C:\Users\pen40\AppData\Roaming\npm\node_modules\pm2\node_modules\async\internal\once.js:12:16)
    at next (C:\Users\pen40\AppData\Roaming\npm\node_modules\pm2\node_modules\async\waterfall.js:96:20)
    at C:\Users\pen40\AppData\Roaming\npm\node_modules\pm2\node_modules\async\internal\onlyOnce.js:12:16
D:\PortFolio\clonecoding\frontend\src\app.js:1
import Input from './component/atom/Input';
^^^^^^

SyntaxError: Cannot use import statement outside a module
    at Object.compileFunction (node:vm:352:18)
    at wrapSafe (node:internal/modules/cjs/loader:1031:15)
    at Module._compile (node:internal/modules/cjs/loader:1065:27)
    at Object.Module._extensions..js (node:internal/modules/cjs/loader:1153:10)
    at Module.load (node:internal/modules/cjs/loader:981:32)
    at Function.Module._load (node:internal/modules/cjs/loader:822:12)
    at C:\Users\pen40\AppData\Roaming\npm\node_modules\pm2\lib\ProcessContainer.js:303:25
    at wrapper (C:\Users\pen40\AppData\Roaming\npm\node_modules\pm2\node_modules\async\internal\once.js:12:16)
    at next (C:\Users\pen40\AppData\Roaming\npm\node_modules\pm2\node_modules\async\waterfall.js:96:20)
    at C:\Users\pen40\AppData\Roaming\npm\node_modules\pm2\node_modules\async\internal\onlyOnce.js:12:16
D:\PortFolio\clonecoding\frontend\src\app.js:1
import Input from './component/atom/Input';
^^^^^^

SyntaxError: Cannot use import statement outside a module
    at Object.compileFunction (node:vm:352:18)
    at wrapSafe (node:internal/modules/cjs/loader:1031:15)
    at Module._compile (node:internal/modules/cjs/loader:1065:27)
    at Object.Module._extensions..js (node:internal/modules/cjs/loader:1153:10)
    at Module.load (node:internal/modules/cjs/loader:981:32)
    at Function.Module._load (node:internal/modules/cjs/loader:822:12)
    at C:\Users\pen40\AppData\Roaming\npm\node_modules\pm2\lib\ProcessContainer.js:303:25
    at wrapper (C:\Users\pen40\AppData\Roaming\npm\node_modules\pm2\node_modules\async\internal\once.js:12:16)
    at next (C:\Users\pen40\AppData\Roaming\npm\node_modules\pm2\node_modules\async\waterfall.js:96:20)
    at C:\Users\pen40\AppData\Roaming\npm\node_modules\pm2\node_modules\async\internal\onlyOnce.js:12:16
D:\PortFolio\clonecoding\frontend\src\app.js:1
import Input from './component/atom/Input';
^^^^^^

SyntaxError: Cannot use import statement outside a module
    at Object.compileFunction (node:vm:352:18)
    at wrapSafe (node:internal/modules/cjs/loader:1031:15)
    at Module._compile (node:internal/modules/cjs/loader:1065:27)
    at Object.Module._extensions..js (node:internal/modules/cjs/loader:1153:10)
    at Module.load (node:internal/modules/cjs/loader:981:32)
    at Function.Module._load (node:internal/modules/cjs/loader:822:12)
    at C:\Users\pen40\AppData\Roaming\npm\node_modules\pm2\lib\ProcessContainer.js:303:25
    at wrapper (C:\Users\pen40\AppData\Roaming\npm\node_modules\pm2\node_modules\async\internal\once.js:12:16)
    at next (C:\Users\pen40\AppData\Roaming\npm\node_modules\pm2\node_modules\async\waterfall.js:96:20)
    at C:\Users\pen40\AppData\Roaming\npm\node_modules\pm2\node_modules\async\internal\onlyOnce.js:12:16
D:\PortFolio\clonecoding\frontend\src\app.js:1
import Input from './component/atom/Input';
^^^^^^

SyntaxError: Cannot use import statement outside a module
    at Object.compileFunction (node:vm:352:18)
    at wrapSafe (node:internal/modules/cjs/loader:1031:15)
    at Module._compile (node:internal/modules/cjs/loader:1065:27)
    at Object.Module._extensions..js (node:internal/modules/cjs/loader:1153:10)
    at Module.load (node:internal/modules/cjs/loader:981:32)
    at Function.Module._load (node:internal/modules/cjs/loader:822:12)
    at C:\Users\pen40\AppData\Roaming\npm\node_modules\pm2\lib\ProcessContainer.js:303:25
    at wrapper (C:\Users\pen40\AppData\Roaming\npm\node_modules\pm2\node_modules\async\internal\once.js:12:16)
    at next (C:\Users\pen40\AppData\Roaming\npm\node_modules\pm2\node_modules\async\waterfall.js:96:20)
    at C:\Users\pen40\AppData\Roaming\npm\node_modules\pm2\node_modules\async\internal\onlyOnce.js:12:16
D:\PortFolio\clonecoding\frontend\src\app.js:1
import Input from './component/atom/Input';
^^^^^^

SyntaxError: Cannot use import statement outside a module
    at Object.compileFunction (node:vm:352:18)
    at wrapSafe (node:internal/modules/cjs/loader:1031:15)
    at Module._compile (node:internal/modules/cjs/loader:1065:27)
    at Object.Module._extensions..js (node:internal/modules/cjs/loader:1153:10)
    at Module.load (node:internal/modules/cjs/loader:981:32)
    at Function.Module._load (node:internal/modules/cjs/loader:822:12)
    at C:\Users\pen40\AppData\Roaming\npm\node_modules\pm2\lib\ProcessContainer.js:303:25
    at wrapper (C:\Users\pen40\AppData\Roaming\npm\node_modules\pm2\node_modules\async\internal\once.js:12:16)
    at next (C:\Users\pen40\AppData\Roaming\npm\node_modules\pm2\node_modules\async\waterfall.js:96:20)
    at C:\Users\pen40\AppData\Roaming\npm\node_modules\pm2\node_modules\async\internal\onlyOnce.js:12:16
D:\PortFolio\clonecoding\frontend\src\app.js:1
import Input from './component/atom/Input';
^^^^^^

SyntaxError: Cannot use import statement outside a module
    at Object.compileFunction (node:vm:352:18)
    at wrapSafe (node:internal/modules/cjs/loader:1031:15)
    at Module._compile (node:internal/modules/cjs/loader:1065:27)
    at Object.Module._extensions..js (node:internal/modules/cjs/loader:1153:10)
    at Module.load (node:internal/modules/cjs/loader:981:32)
    at Function.Module._load (node:internal/modules/cjs/loader:822:12)
    at C:\Users\pen40\AppData\Roaming\npm\node_modules\pm2\lib\ProcessContainer.js:303:25
    at wrapper (C:\Users\pen40\AppData\Roaming\npm\node_modules\pm2\node_modules\async\internal\once.js:12:16)
    at next (C:\Users\pen40\AppData\Roaming\npm\node_modules\pm2\node_modules\async\waterfall.js:96:20)
    at C:\Users\pen40\AppData\Roaming\npm\node_modules\pm2\node_modules\async\internal\onlyOnce.js:12:16
D:\PortFolio\clonecoding\frontend\src\app.js:1
import Input from './component/atom/Input';
^^^^^^

SyntaxError: Cannot use import statement outside a module
    at Object.compileFunction (node:vm:352:18)
    at wrapSafe (node:internal/modules/cjs/loader:1031:15)
    at Module._compile (node:internal/modules/cjs/loader:1065:27)
    at Object.Module._extensions..js (node:internal/modules/cjs/loader:1153:10)
    at Module.load (node:internal/modules/cjs/loader:981:32)
    at Function.Module._load (node:internal/modules/cjs/loader:822:12)
    at C:\Users\pen40\AppData\Roaming\npm\node_modules\pm2\lib\ProcessContainer.js:303:25
    at wrapper (C:\Users\pen40\AppData\Roaming\npm\node_modules\pm2\node_modules\async\internal\once.js:12:16)
    at next (C:\Users\pen40\AppData\Roaming\npm\node_modules\pm2\node_modules\async\waterfall.js:96:20)
    at C:\Users\pen40\AppData\Roaming\npm\node_modules\pm2\node_modules\async\internal\onlyOnce.js:12:16
D:\PortFolio\clonecoding\frontend\src\app.js:1
import Input from './component/atom/Input';
^^^^^^

SyntaxError: Cannot use import statement outside a module
    at Object.compileFunction (node:vm:352:18)
    at wrapSafe (node:internal/modules/cjs/loader:1031:15)
    at Module._compile (node:internal/modules/cjs/loader:1065:27)
    at Object.Module._extensions..js (node:internal/modules/cjs/loader:1153:10)
    at Module.load (node:internal/modules/cjs/loader:981:32)
    at Function.Module._load (node:internal/modules/cjs/loader:822:12)
    at C:\Users\pen40\AppData\Roaming\npm\node_modules\pm2\lib\ProcessContainer.js:303:25
    at wrapper (C:\Users\pen40\AppData\Roaming\npm\node_modules\pm2\node_modules\async\internal\once.js:12:16)
    at next (C:\Users\pen40\AppData\Roaming\npm\node_modules\pm2\node_modules\async\waterfall.js:96:20)
    at C:\Users\pen40\AppData\Roaming\npm\node_modules\pm2\node_modules\async\internal\onlyOnce.js:12:16
